Maximum wallclock time: 20:00:00

Thu Sep 29 14:16:57 2016
Iteration 1 (3 requested)
Beginning iteration 1
6 segments remain in iteration 1 (6 total)
1 of 14 (7.142857%) active bins are populated
per-bin minimum non-zero probability:       1
per-bin maximum probability:                1
per-bin probability dynamic range (kT):     0
per-segment minimum non-zero probability:   0.166667
per-segment maximum non-zero probability:   0.166667
per-segment probability dynamic range (kT): 0
norm = 1, error in norm = -1.11022e-16 (-0.5*epsilon)
-- ERROR    [work_managers.core] -- uncaught exception in remote function
Traceback (most recent call last):
  File "/home-1/dmohamm2@jhu.edu/dariush/westpa/westpa/lib/wwmgr/work_managers/zeromq/core.py", line 139, in execute
    rsl.result = self.fn(*self.args, **self.kwargs)
  File "/home-1/dmohamm2@jhu.edu/dariush/westpa/westpa/src/west/wm_ops.py", line 51, in propagate
    incoming_segments = {segment.seg_id: segment for segment in propagator.propagate(segments)}
  File "/home-1/dmohamm2@jhu.edu/dariush/westpa/westpa/src/west/propagators/executable.py", line 472, in propagate
    rc, rusage = self.exec_for_segment(child_info, segment, addtl_env)
  File "/home-1/dmohamm2@jhu.edu/dariush/westpa/westpa/src/west/propagators/executable.py", line 339, in exec_for_segment
    return self.exec_child_from_child_info(child_info, template_args, environ)
  File "/home-1/dmohamm2@jhu.edu/dariush/westpa/westpa/src/west/propagators/executable.py", line 256, in exec_child_from_child_info
    stderr= self.makepath(child_info['stderr'], template_args) if child_info['stderr'] else None)
  File "/home-1/dmohamm2@jhu.edu/dariush/westpa/westpa/src/west/propagators/executable.py", line 229, in exec_child
    stdout = file(stdout, 'wb') if stdout else sys.stdout
IOError: [Errno 2] No such file or directory: '/scratch/users/dmohamm2@jhu.edu/lsp_3d/seg_logs/000001-000004.log'

exception caught; shutting down
-- ERROR    [w_run] -- Traceback (most recent call last):
  File "/home-1/dmohamm2@jhu.edu/dariush/westpa/westpa/lib/cmds/w_run.py", line 65, in <module>
    sim_manager.run()
  File "/home-1/dmohamm2@jhu.edu/dariush/westpa/westpa/src/west/sim_manager.py", line 643, in run
    self.propagate()
  File "/home-1/dmohamm2@jhu.edu/dariush/westpa/westpa/src/west/sim_manager.py", line 489, in propagate
    incoming = future.get_result()
  File "/home-1/dmohamm2@jhu.edu/dariush/westpa/westpa/lib/wwmgr/work_managers/core.py", line 343, in get_result
    raise self._exception
IOError: [Errno 2] No such file or directory: '/scratch/users/dmohamm2@jhu.edu/lsp_3d/seg_logs/000001-000004.log'

